<?xml version="1.0" encoding="UTF-8"?>
<coverage generated="1764861870474" clover="3.2.0">
  <project timestamp="1764861870474" name="All files">
    <metrics statements="8" coveredstatements="7" conditionals="6" coveredconditionals="6" methods="4" coveredmethods="3" elements="18" coveredelements="16" complexity="0" loc="8" ncloc="8" packages="3" files="6" classes="6"/>
    <package name="Components.Carousel">
      <metrics statements="7" coveredstatements="6" conditionals="6" coveredconditionals="6" methods="3" coveredmethods="2"/>
      <file name="Carousel.css" path="C:\Users\SabrineYahyaoui\Desktop\P8-OC-Kasa\frontend\src\Components\Carousel\Carousel.css">
        <metrics statements="0" coveredstatements="0" conditionals="0" coveredconditionals="0" methods="0" coveredmethods="0"/>
      </file>
      <file name="Carousel.jsx" path="C:\Users\SabrineYahyaoui\Desktop\P8-OC-Kasa\frontend\src\Components\Carousel\Carousel.jsx">
        <metrics statements="7" coveredstatements="6" conditionals="6" coveredconditionals="6" methods="3" coveredmethods="2"/>
        <line num="9" count="7" type="stmt"/>
        <line num="13" count="7" type="stmt"/>
        <line num="14" count="4" type="stmt"/>
        <line num="18" count="7" type="stmt"/>
        <line num="19" count="0" type="stmt"/>
        <line num="23" count="7" type="stmt"/>
        <line num="25" count="7" type="stmt"/>
      </file>
    </package>
    <package name="Components.Header">
      <metrics statements="1" coveredstatements="1" conditionals="0" coveredconditionals="0" methods="1" coveredmethods="1"/>
      <file name="Header.css" path="C:\Users\SabrineYahyaoui\Desktop\P8-OC-Kasa\frontend\src\Components\Header\Header.css">
        <metrics statements="0" coveredstatements="0" conditionals="0" coveredconditionals="0" methods="0" coveredmethods="0"/>
      </file>
      <file name="Header.jsx" path="C:\Users\SabrineYahyaoui\Desktop\P8-OC-Kasa\frontend\src\Components\Header\Header.jsx">
        <metrics statements="1" coveredstatements="1" conditionals="0" coveredconditionals="0" methods="1" coveredmethods="1"/>
        <line num="5" count="3" type="stmt"/>
      </file>
    </package>
    <package name="assets">
      <metrics statements="0" coveredstatements="0" conditionals="0" coveredconditionals="0" methods="0" coveredmethods="0"/>
      <file name=".LOGO.png" path="C:\Users\SabrineYahyaoui\Desktop\P8-OC-Kasa\frontend\src\assets\.LOGO.png">
        <metrics statements="0" coveredstatements="0" conditionals="0" coveredconditionals="0" methods="0" coveredmethods="0"/>
      </file>
      <file name="Vector.png" path="C:\Users\SabrineYahyaoui\Desktop\P8-OC-Kasa\frontend\src\assets\Vector.png">
        <metrics statements="0" coveredstatements="0" conditionals="0" coveredconditionals="0" methods="0" coveredmethods="0"/>
      </file>
    </package>
  </project>
</coverage>
