{"C:\\Users\\SabrineYahyaoui\\Desktop\\P8-OC-Kasa\\frontend\\src\\Components\\Carousel\\Carousel.css": {"path":"C:\\Users\\SabrineYahyaoui\\Desktop\\P8-OC-Kasa\\frontend\\src\\Components\\Carousel\\Carousel.css","statementMap":{},"fnMap":{},"branchMap":{},"s":{},"f":{},"b":{},"meta":{"lastBranch":0,"lastFunction":0,"lastStatement":0,"seen":{}}}
,"C:\\Users\\SabrineYahyaoui\\Desktop\\P8-OC-Kasa\\frontend\\src\\Components\\Carousel\\Carousel.jsx": {"path":"C:\\Users\\SabrineYahyaoui\\Desktop\\P8-OC-Kasa\\frontend\\src\\Components\\Carousel\\Carousel.jsx","statementMap":{"0":{"start":{"line":9,"column":38},"end":{"line":9,"column":null}},"1":{"start":{"line":13,"column":20},"end":{"line":15,"column":null}},"2":{"start":{"line":14,"column":4},"end":{"line":14,"column":null}},"3":{"start":{"line":18,"column":20},"end":{"line":20,"column":null}},"4":{"start":{"line":19,"column":4},"end":{"line":19,"column":null}},"5":{"start":{"line":23,"column":21},"end":{"line":23,"column":null}},"6":{"start":{"line":25,"column":2},"end":{"line":46,"column":null}}},"fnMap":{"0":{"name":"Carousel","decl":{"start":{"line":6,"column":9},"end":{"line":6,"column":18}},"loc":{"start":{"line":6,"column":32},"end":{"line":48,"column":null}},"line":6},"1":{"name":"(anonymous_1)","decl":{"start":{"line":13,"column":20},"end":{"line":13,"column":26}},"loc":{"start":{"line":13,"column":26},"end":{"line":15,"column":null}},"line":13},"2":{"name":"(anonymous_2)","decl":{"start":{"line":18,"column":20},"end":{"line":18,"column":26}},"loc":{"start":{"line":18,"column":26},"end":{"line":20,"column":null}},"line":18}},"branchMap":{"0":{"loc":{"start":{"line":27,"column":7},"end":{"line":30,"column":null}},"type":"binary-expr","locations":[{"start":{"line":27,"column":7},"end":{"line":27,"column":null}},{"start":{"line":28,"column":8},"end":{"line":30,"column":null}}],"line":27},"1":{"loc":{"start":{"line":35,"column":7},"end":{"line":38,"column":null}},"type":"binary-expr","locations":[{"start":{"line":35,"column":7},"end":{"line":35,"column":null}},{"start":{"line":36,"column":8},"end":{"line":38,"column":null}}],"line":35},"2":{"loc":{"start":{"line":41,"column":7},"end":{"line":44,"column":null}},"type":"binary-expr","locations":[{"start":{"line":41,"column":7},"end":{"line":41,"column":null}},{"start":{"line":42,"column":8},"end":{"line":44,"column":null}}],"line":41}},"s":{"0":7,"1":7,"2":4,"3":7,"4":0,"5":7,"6":7},"f":{"0":7,"1":4,"2":0},"b":{"0":[7,7],"1":[7,7],"2":[7,7]},"meta":{"lastBranch":3,"lastFunction":3,"lastStatement":7,"seen":{"f:6:9:6:18":0,"s:9:38:9:Infinity":0,"s:13:20:15:Infinity":1,"f:13:20:13:26":1,"s:14:4:14:Infinity":2,"s:18:20:20:Infinity":3,"f:18:20:18:26":2,"s:19:4:19:Infinity":4,"s:23:21:23:Infinity":5,"s:25:2:46:Infinity":6,"b:27:7:27:Infinity:28:8:30:Infinity":0,"b:35:7:35:Infinity:36:8:38:Infinity":1,"b:41:7:41:Infinity:42:8:44:Infinity":2}}}
,"C:\\Users\\SabrineYahyaoui\\Desktop\\P8-OC-Kasa\\frontend\\src\\Components\\Header\\Header.css": {"path":"C:\\Users\\SabrineYahyaoui\\Desktop\\P8-OC-Kasa\\frontend\\src\\Components\\Header\\Header.css","statementMap":{},"fnMap":{},"branchMap":{},"s":{},"f":{},"b":{},"meta":{"lastBranch":0,"lastFunction":0,"lastStatement":0,"seen":{}}}
,"C:\\Users\\SabrineYahyaoui\\Desktop\\P8-OC-Kasa\\frontend\\src\\Components\\Header\\Header.jsx": {"path":"C:\\Users\\SabrineYahyaoui\\Desktop\\P8-OC-Kasa\\frontend\\src\\Components\\Header\\Header.jsx","statementMap":{"0":{"start":{"line":5,"column":2},"end":{"line":20,"column":null}}},"fnMap":{"0":{"name":"Header","decl":{"start":{"line":4,"column":9},"end":{"line":4,"column":18}},"loc":{"start":{"line":4,"column":18},"end":{"line":22,"column":null}},"line":4}},"branchMap":{},"s":{"0":3},"f":{"0":3},"b":{},"meta":{"lastBranch":0,"lastFunction":1,"lastStatement":1,"seen":{"f:4:9:4:18":0,"s:5:2:20:Infinity":0}}}
,"C:\\Users\\SabrineYahyaoui\\Desktop\\P8-OC-Kasa\\frontend\\src\\assets\\.LOGO.png": {"path":"C:\\Users\\SabrineYahyaoui\\Desktop\\P8-OC-Kasa\\frontend\\src\\assets\\.LOGO.png","statementMap":{},"fnMap":{},"branchMap":{},"s":{},"f":{},"b":{},"meta":{"lastBranch":0,"lastFunction":0,"lastStatement":0,"seen":{}}}
,"C:\\Users\\SabrineYahyaoui\\Desktop\\P8-OC-Kasa\\frontend\\src\\assets\\Vector.png": {"path":"C:\\Users\\SabrineYahyaoui\\Desktop\\P8-OC-Kasa\\frontend\\src\\assets\\Vector.png","statementMap":{},"fnMap":{},"branchMap":{},"s":{},"f":{},"b":{},"meta":{"lastBranch":0,"lastFunction":0,"lastStatement":0,"seen":{}}}
}
